{
  "RSpec": {
    "coverage": {
      "/Users/leonid/work/health-monitor-rails/spec/dummy/config/environment.rb": {
        "lines": [
          null,
          null,
          null,
          1,
          null,
          null,
          1
        ]
      },
      "/Users/leonid/work/health-monitor-rails/spec/dummy/config/application.rb": {
        "lines": [
          null,
          null,
          1,
          null,
          1,
          null,
          1,
          null,
          1,
          1,
          null,
          null
        ]
      },
      "/Users/leonid/work/health-monitor-rails/spec/dummy/config/boot.rb": {
        "lines": [
          null,
          null,
          null,
          1,
          null,
          1,
          1
        ]
      },
      "/Users/leonid/work/health-monitor-rails/lib/health-monitor-rails.rb": {
        "lines": [
          null,
          null,
          null,
          null,
          1,
          1,
          1,
          null,
          null
        ]
      },
      "/Users/leonid/work/health-monitor-rails/lib/health_monitor/engine.rb": {
        "lines": [
          null,
          null,
          1,
          1,
          1,
          null,
          null
        ]
      },
      "/Users/leonid/work/health-monitor-rails/lib/health_monitor/configuration.rb": {
        "lines": [
          null,
          null,
          1,
          1,
          1,
          null,
          1,
          null,
          null,
          null,
          null,
          1,
          null,
          1,
          41,
          null,
          null,
          1,
          2,
          null,
          null,
          1,
          6,
          66,
          null,
          66,
          null,
          null,
          null,
          null,
          null,
          null,
          1,
          3,
          1,
          null,
          null,
          2,
          null,
          null,
          1,
          null,
          1,
          68,
          null,
          68,
          null,
          null,
          null
        ]
      },
      "/Users/leonid/work/health-monitor-rails/lib/health_monitor/monitor.rb": {
        "lines": [
          null,
          null,
          1,
          null,
          1,
          1,
          null,
          null,
          null,
          null,
          1,
          null,
          1,
          null,
          1,
          24,
          null,
          24,
          null,
          null,
          1,
          19,
          19,
          6,
          null,
          null,
          42,
          null,
          null,
          42,
          41,
          null,
          null,
          null,
          null,
          1,
          null,
          1,
          23,
          23,
          23,
          null,
          null,
          14,
          null,
          null,
          null,
          null,
          null,
          9,
          null,
          null,
          9,
          null,
          null,
          null,
          null,
          null,
          null,
          null,
          1
        ]
      },
      "/Users/leonid/work/health-monitor-rails/lib/health_monitor/providers/database.rb": {
        "lines": [
          null,
          null,
          1,
          null,
          1,
          1,
          1,
          null,
          1,
          1,
          22,
          null,
          22,
          110,
          null,
          35,
          null,
          null,
          22,
          null,
          8,
          null,
          null,
          null,
          null
        ]
      },
      "/Users/leonid/work/health-monitor-rails/lib/health_monitor/providers/base.rb": {
        "lines": [
          null,
          null,
          1,
          null,
          1,
          1,
          1,
          1,
          null,
          1,
          1,
          null,
          1,
          108,
          108,
          null,
          null,
          null,
          1,
          1,
          null,
          1,
          null,
          1,
          108,
          null,
          null,
          1,
          20,
          null,
          null,
          null,
          1,
          1,
          null,
          null,
          1,
          null,
          1,
          61,
          null,
          null,
          null,
          null
        ]
      },
      "/Users/leonid/work/health-monitor-rails/spec/dummy/config/environments/test.rb": {
        "lines": [
          null,
          null,
          1,
          1,
          null,
          1,
          null,
          null,
          1,
          1,
          null,
          null,
          1,
          null,
          null,
          1,
          null,
          null,
          1,
          null,
          1,
          0,
          null,
          null
        ]
      },
      "/Users/leonid/work/health-monitor-rails/spec/dummy/config/initializers/backtrace_silencers.rb": {
        "lines": [
          null,
          null,
          null,
          null,
          null,
          null,
          null,
          null,
          null,
          null,
          null
        ]
      },
      "/Users/leonid/work/health-monitor-rails/spec/dummy/config/initializers/filter_parameter_logging.rb": {
        "lines": [
          null,
          null,
          null,
          null,
          null,
          1
        ]
      },
      "/Users/leonid/work/health-monitor-rails/spec/dummy/config/initializers/inflections.rb": {
        "lines": [
          null,
          null,
          null,
          null,
          null,
          null,
          null,
          null,
          null,
          null,
          null,
          null,
          null,
          null,
          null,
          null,
          null,
          null
        ]
      },
      "/Users/leonid/work/health-monitor-rails/spec/dummy/config/initializers/mime_types.rb": {
        "lines": [
          null,
          null,
          null,
          null,
          null,
          null,
          null
        ]
      },
      "/Users/leonid/work/health-monitor-rails/spec/dummy/config/initializers/secret_token.rb": {
        "lines": [
          null,
          null,
          null,
          null,
          null,
          null,
          null,
          null,
          null,
          null,
          null,
          null,
          null,
          1
        ]
      },
      "/Users/leonid/work/health-monitor-rails/spec/dummy/config/initializers/session_store.rb": {
        "lines": [
          null,
          null,
          null,
          null,
          1
        ]
      },
      "/Users/leonid/work/health-monitor-rails/spec/dummy/config/initializers/wrap_parameters.rb": {
        "lines": [
          null,
          null,
          null,
          null,
          null,
          null,
          null,
          null,
          1,
          1,
          null,
          null,
          null,
          null,
          null,
          null
        ]
      },
      "/Users/leonid/work/health-monitor-rails/spec/dummy/app/controllers/application_controller.rb": {
        "lines": [
          null,
          null,
          1,
          null,
          null,
          1,
          null
        ]
      },
      "/Users/leonid/work/health-monitor-rails/spec/dummy/app/helpers/application_helper.rb": {
        "lines": [
          null,
          null,
          1,
          null
        ]
      },
      "/Users/leonid/work/health-monitor-rails/spec/dummy/app/models/model1.rb": {
        "lines": [
          null,
          null,
          1,
          1,
          null,
          1,
          null
        ]
      },
      "/Users/leonid/work/health-monitor-rails/spec/dummy/app/models/model2.rb": {
        "lines": [
          null,
          null,
          1,
          1,
          null,
          1,
          null
        ]
      },
      "/Users/leonid/work/health-monitor-rails/app/controllers/health_monitor/health_controller.rb": {
        "lines": [
          null,
          null,
          1,
          1,
          1,
          null,
          1,
          0,
          null,
          1,
          null,
          null,
          1,
          12,
          12,
          null,
          12,
          12,
          19,
          14,
          null,
          null,
          null,
          1,
          null,
          1,
          12,
          12,
          null,
          null,
          1,
          12,
          12,
          null,
          null,
          1,
          13,
          null,
          5,
          5,
          5,
          null,
          null,
          null,
          1,
          12,
          null,
          null,
          null
        ]
      },
      "/Users/leonid/work/health-monitor-rails/spec/dummy/config/routes.rb": {
        "lines": [
          null,
          null,
          1,
          1,
          null
        ]
      },
      "/Users/leonid/work/health-monitor-rails/config/routes.rb": {
        "lines": [
          null,
          null,
          1,
          null,
          1,
          0,
          null,
          1,
          null,
          null,
          1,
          null
        ]
      },
      "/Users/leonid/work/health-monitor-rails/lib/health_monitor/providers/cache.rb": {
        "lines": [
          null,
          null,
          1,
          null,
          1,
          1,
          1,
          null,
          1,
          1,
          1,
          null,
          1,
          1,
          null,
          1,
          null,
          1,
          null,
          null,
          1,
          null,
          1,
          3,
          null,
          null,
          null,
          null
        ]
      },
      "/Users/leonid/work/health-monitor-rails/lib/health_monitor/providers/delayed_job.rb": {
        "lines": [
          null,
          null,
          1,
          1,
          null,
          1,
          1,
          1,
          null,
          1,
          1,
          1,
          null,
          1,
          null,
          1,
          6,
          null,
          6,
          null,
          null,
          null,
          1,
          2,
          null,
          1,
          null,
          null,
          1,
          2,
          null,
          2,
          null,
          1,
          null,
          null,
          1,
          2,
          null,
          null,
          1,
          null,
          1,
          6,
          null,
          null,
          null,
          null
        ]
      },
      "/Users/leonid/work/health-monitor-rails/lib/health_monitor/providers/redis.rb": {
        "lines": [
          null,
          null,
          1,
          null,
          1,
          1,
          1,
          null,
          1,
          null,
          1,
          1,
          1,
          null,
          1,
          null,
          1,
          25,
          null,
          25,
          null,
          null,
          null,
          1,
          1,
          null,
          1,
          0,
          null,
          null,
          null,
          1,
          13,
          7,
          null,
          7,
          null,
          null,
          1,
          null,
          1,
          25,
          null,
          null,
          1,
          13,
          null,
          26,
          26,
          null,
          13,
          null,
          null,
          1,
          7,
          2,
          null,
          1,
          null,
          null,
          1,
          27,
          null,
          null,
          1,
          null,
          29,
          12,
          4,
          null,
          16,
          null,
          17,
          0,
          null,
          34,
          null,
          null,
          null,
          1,
          3,
          null,
          null,
          1,
          6,
          null,
          null,
          null,
          null
        ]
      },
      "/Users/leonid/work/health-monitor-rails/lib/health_monitor/providers/resque.rb": {
        "lines": [
          null,
          null,
          1,
          1,
          null,
          1,
          1,
          1,
          null,
          1,
          1,
          2,
          null,
          1,
          null,
          null,
          null,
          null
        ]
      },
      "/Users/leonid/work/health-monitor-rails/lib/health_monitor/providers/sidekiq.rb": {
        "lines": [
          null,
          null,
          1,
          1,
          null,
          1,
          1,
          1,
          null,
          1,
          1,
          1,
          1,
          1,
          1,
          null,
          1,
          1,
          null,
          1,
          17,
          null,
          17,
          null,
          17,
          17,
          null,
          null,
          1,
          1,
          null,
          null,
          1,
          3,
          null,
          null,
          1,
          1,
          null,
          null,
          1,
          1,
          null,
          null,
          1,
          6,
          null,
          null,
          1,
          1,
          null,
          1,
          null,
          null,
          null,
          1,
          9,
          7,
          6,
          5,
          4,
          3,
          null,
          7,
          null,
          null,
          1,
          null,
          1,
          17,
          null,
          null,
          1,
          9,
          null,
          null,
          1,
          7,
          null,
          7,
          null,
          1,
          null,
          null,
          1,
          6,
          6,
          null,
          6,
          null,
          null,
          null,
          1,
          5,
          5,
          null,
          5,
          null,
          null,
          null,
          1,
          3,
          0,
          null,
          null,
          3,
          null,
          1,
          null,
          null,
          1,
          4,
          4,
          null,
          0,
          null,
          null,
          null,
          1,
          11,
          11,
          null,
          null,
          null,
          null
        ]
      },
      "/Users/leonid/work/health-monitor-rails/spec/support/capybara.rb": {
        "lines": [
          null,
          null,
          1,
          1,
          1,
          null,
          1,
          null,
          1,
          1,
          null
        ]
      },
      "/Users/leonid/work/health-monitor-rails/spec/support/delayed_job.rb": {
        "lines": [
          null,
          null,
          null,
          1,
          1,
          null,
          null
        ]
      },
      "/Users/leonid/work/health-monitor-rails/spec/support/providers.rb": {
        "lines": [
          null,
          null,
          1,
          1,
          null,
          1,
          1,
          null,
          1,
          null,
          1,
          1,
          null,
          null,
          1,
          8,
          40,
          null,
          null,
          null,
          1,
          2,
          null,
          null,
          1,
          1,
          null,
          null,
          1,
          6,
          null,
          null,
          1,
          1,
          null,
          null,
          1,
          1,
          null,
          null,
          1,
          8,
          8,
          8,
          null,
          8,
          null,
          8,
          8,
          8,
          null,
          8,
          8,
          8,
          null,
          8,
          null,
          null,
          1,
          3,
          null,
          null,
          1,
          1,
          1,
          1,
          null,
          null,
          1,
          2,
          2,
          2,
          2,
          null,
          null,
          1,
          1,
          1,
          1,
          1,
          null,
          null,
          1,
          1,
          null,
          null,
          1,
          1,
          1,
          1,
          1,
          null,
          null
        ]
      },
      "/Users/leonid/work/health-monitor-rails/spec/features/health_monitor/health_monitor_spec.rb": {
        "lines": [
          null,
          null,
          1,
          null,
          1,
          1,
          1,
          1,
          1,
          1,
          1,
          1,
          null,
          null,
          null,
          1,
          1,
          1,
          null,
          null,
          1,
          1,
          1,
          1,
          1,
          1,
          1,
          null,
          null,
          null,
          1,
          2,
          null,
          1,
          1,
          1,
          null,
          null,
          null,
          1,
          1,
          1,
          1,
          1,
          1,
          1,
          1,
          1,
          1,
          null,
          null,
          null
        ]
      },
      "/Users/leonid/work/health-monitor-rails/spec/lib/health_monitor/configuration_spec.rb": {
        "lines": [
          null,
          null,
          1,
          null,
          1,
          1,
          1,
          1,
          1,
          null,
          null,
          2,
          2,
          2,
          null,
          null,
          1,
          1,
          6,
          108,
          null,
          108,
          null,
          null,
          6,
          6,
          null,
          null,
          6,
          6,
          null,
          6,
          6,
          null,
          null,
          6,
          6,
          null,
          null,
          null,
          null,
          1,
          1,
          3,
          null,
          null,
          1,
          1,
          null,
          null,
          1,
          1,
          1,
          null,
          null,
          null,
          1,
          1,
          null,
          null,
          null,
          1,
          1,
          null,
          null,
          1,
          1,
          1,
          null,
          null,
          null,
          null,
          null,
          1,
          1,
          1,
          null,
          1,
          null,
          null,
          1,
          1,
          1,
          1,
          null,
          1,
          1,
          null,
          null,
          null,
          null
        ]
      },
      "/Users/leonid/work/health-monitor-rails/spec/lib/health_monitor/monitor_spec.rb": {
        "lines": [
          null,
          null,
          1,
          null,
          1,
          14,
          8,
          null,
          1,
          13,
          null,
          13,
          null,
          null,
          1,
          13,
          null,
          null,
          1,
          1,
          1,
          1,
          null,
          1,
          1,
          1,
          null,
          null,
          1,
          1,
          1,
          null,
          null,
          1,
          1,
          1,
          null,
          null,
          1,
          1,
          1,
          1,
          null,
          null,
          1,
          1,
          1,
          1,
          null,
          null,
          1,
          1,
          1,
          1,
          1,
          null,
          null,
          null,
          1,
          1,
          1,
          1,
          null,
          null,
          null,
          1,
          1,
          1,
          null,
          1,
          1,
          1,
          null,
          2,
          null,
          null,
          null,
          1,
          1,
          1,
          null,
          null,
          null,
          null,
          1,
          1,
          1,
          null,
          2,
          null,
          null,
          null,
          null,
          1,
          1,
          1,
          1,
          null,
          null,
          null,
          null,
          null,
          null,
          null,
          null,
          null,
          null,
          null,
          null,
          null,
          1,
          1,
          1,
          2,
          2,
          null,
          null,
          null,
          1,
          1,
          1,
          1,
          null,
          null,
          1,
          1,
          null,
          null,
          null,
          null,
          null,
          null,
          null,
          null,
          null,
          null,
          null,
          null,
          null,
          null,
          null,
          null,
          null,
          null,
          null,
          null,
          null,
          null,
          null,
          null,
          1,
          1,
          4,
          null,
          null,
          1,
          1,
          null,
          null,
          null,
          null,
          null,
          null,
          null,
          null,
          null,
          null,
          null,
          null,
          null,
          null,
          null,
          null,
          null,
          1,
          1,
          1,
          null,
          null,
          1,
          1,
          null,
          null,
          null,
          null,
          null,
          null,
          null,
          null,
          null,
          null,
          null,
          null,
          null,
          null,
          null,
          null,
          null,
          null,
          1,
          1,
          1,
          null,
          null,
          1,
          1,
          null,
          null,
          null,
          null,
          null,
          null,
          null,
          null,
          null,
          null,
          null,
          null,
          null,
          null,
          null,
          null,
          null,
          null,
          1,
          1,
          1,
          1,
          null,
          null,
          1,
          1,
          null,
          null,
          null,
          null,
          null,
          null,
          null,
          null,
          null,
          null,
          null,
          null,
          null,
          null,
          null,
          null,
          null,
          null,
          null,
          1,
          1,
          null,
          1,
          1,
          1,
          1,
          null,
          1,
          null,
          null,
          null,
          1,
          1,
          1,
          null,
          null,
          1,
          null,
          null,
          1,
          1,
          null,
          null,
          null,
          null,
          null,
          null,
          null,
          null,
          null,
          null,
          null,
          1,
          null,
          null,
          null,
          null
        ]
      },
      "/Users/leonid/work/health-monitor-rails/spec/lib/health_monitor/providers/base_spec.rb": {
        "lines": [
          null,
          null,
          1,
          null,
          1,
          5,
          null,
          1,
          1,
          1,
          null,
          null,
          null,
          1,
          2,
          null,
          null,
          1,
          1,
          1,
          1,
          null,
          null,
          null,
          null,
          1,
          1,
          1,
          null,
          null,
          null
        ]
      },
      "/Users/leonid/work/health-monitor-rails/spec/lib/health_monitor/providers/cache_spec.rb": {
        "lines": [
          null,
          null,
          1,
          null,
          1,
          3,
          null,
          1,
          2,
          null,
          null,
          1,
          3,
          null,
          3,
          null,
          1,
          1,
          1,
          null,
          null,
          null,
          1,
          1,
          1,
          null,
          null,
          1,
          1,
          1,
          null,
          null,
          null,
          null,
          null,
          1,
          1,
          1,
          null,
          null,
          2,
          null,
          null
        ]
      },
      "/Users/leonid/work/health-monitor-rails/spec/lib/health_monitor/providers/database_spec.rb": {
        "lines": [
          null,
          null,
          1,
          null,
          1,
          2,
          null,
          1,
          2,
          null,
          null,
          1,
          6,
          null,
          6,
          null,
          1,
          1,
          1,
          null,
          null,
          null,
          1,
          1,
          1,
          null,
          null,
          1,
          1,
          1,
          null,
          null,
          null,
          null,
          1,
          1,
          1,
          null,
          1,
          1,
          1,
          null,
          null,
          null,
          null,
          1,
          1,
          1,
          null,
          null,
          1,
          1,
          1,
          null,
          null,
          null,
          null,
          1,
          1,
          1,
          null,
          null,
          1,
          1,
          1,
          null,
          null,
          null,
          null,
          null
        ]
      },
      "/Users/leonid/work/health-monitor-rails/spec/lib/health_monitor/providers/delayed_job_spec.rb": {
        "lines": [
          null,
          null,
          1,
          null,
          1,
          5,
          null,
          1,
          2,
          2,
          null,
          null,
          1,
          2,
          null,
          null,
          1,
          3,
          null,
          1,
          2,
          2,
          null,
          null,
          1,
          1,
          1,
          null,
          null,
          null,
          1,
          1,
          1,
          1,
          null,
          null,
          1,
          1,
          1,
          null,
          null,
          null,
          null,
          null,
          null,
          1,
          2,
          null,
          1,
          1,
          1,
          1,
          null,
          2,
          null,
          null,
          null
        ]
      },
      "/Users/leonid/work/health-monitor-rails/spec/lib/health_monitor/providers/redis_spec.rb": {
        "lines": [
          null,
          null,
          1,
          null,
          1,
          16,
          null,
          1,
          2,
          2,
          null,
          null,
          1,
          2,
          null,
          null,
          1,
          9,
          null,
          1,
          1,
          2,
          2,
          null,
          null,
          null,
          1,
          1,
          1,
          null,
          null,
          null,
          1,
          1,
          1,
          null,
          null,
          1,
          1,
          1,
          null,
          null,
          null,
          null,
          null,
          1,
          1,
          2,
          4,
          null,
          null,
          null,
          1,
          1,
          1,
          null,
          null,
          null,
          1,
          1,
          1,
          null,
          null,
          1,
          1,
          1,
          null,
          null,
          null,
          null,
          null,
          1,
          1,
          1,
          null,
          1,
          1,
          1,
          null,
          1,
          2,
          null,
          null,
          null,
          1,
          1,
          null,
          1,
          2,
          2,
          null,
          null,
          null,
          1,
          1,
          1,
          null,
          null,
          null,
          1,
          1,
          1,
          null,
          null,
          1,
          1,
          1,
          null,
          null,
          null,
          null,
          null,
          1,
          1,
          2,
          2,
          null,
          null,
          null,
          1,
          1,
          1,
          null,
          null,
          null,
          1,
          1,
          1,
          null,
          null,
          1,
          1,
          1,
          null,
          null,
          null,
          null,
          null,
          null,
          1,
          1,
          3,
          null,
          null,
          1,
          2,
          null,
          1,
          1,
          1,
          1,
          null,
          2,
          null,
          null,
          null,
          1,
          2,
          null,
          1,
          1,
          1,
          1,
          null,
          2,
          null,
          null,
          null,
          1,
          2,
          null,
          1,
          1,
          1,
          1,
          null,
          2,
          null,
          null,
          null,
          null,
          1,
          2,
          null,
          2,
          null,
          null
        ]
      },
      "/Users/leonid/work/health-monitor-rails/spec/lib/health_monitor/providers/resque_spec.rb": {
        "lines": [
          null,
          null,
          1,
          null,
          1,
          4,
          null,
          1,
          2,
          null,
          null,
          1,
          3,
          null,
          1,
          1,
          1,
          null,
          null,
          null,
          1,
          1,
          1,
          null,
          null,
          1,
          1,
          1,
          null,
          null,
          null,
          null,
          null
        ]
      },
      "/Users/leonid/work/health-monitor-rails/spec/lib/health_monitor/providers/sidekiq_spec.rb": {
        "lines": [
          null,
          null,
          1,
          null,
          1,
          15,
          null,
          3,
          null,
          1,
          3,
          3,
          null,
          2,
          2,
          2,
          null,
          1,
          1,
          null,
          null,
          null,
          null,
          null,
          null,
          1,
          2,
          null,
          null,
          1,
          1,
          8,
          8,
          null,
          null,
          1,
          1,
          1,
          null,
          null,
          null,
          1,
          1,
          1,
          1,
          null,
          null,
          1,
          1,
          1,
          null,
          null,
          null,
          null,
          1,
          1,
          1,
          null,
          null,
          1,
          1,
          1,
          null,
          null,
          null,
          null,
          1,
          1,
          2,
          null,
          null,
          1,
          2,
          null,
          1,
          1,
          1,
          null,
          null,
          null,
          null,
          1,
          2,
          null,
          1,
          1,
          1,
          null,
          null,
          null,
          null,
          null,
          1,
          1,
          1,
          null,
          null,
          1,
          1,
          1,
          null,
          null,
          null,
          null,
          1,
          1,
          1,
          null,
          null,
          1,
          1,
          1,
          null,
          null,
          null,
          null,
          1,
          1,
          1,
          null,
          null,
          2,
          null,
          1,
          1,
          1,
          null,
          null,
          null,
          null,
          null,
          null,
          null,
          null,
          null,
          1,
          2,
          2,
          null,
          1,
          1,
          1,
          1,
          1,
          null,
          2,
          2,
          null,
          null,
          null,
          null,
          null,
          null
        ]
      }
    },
    "timestamp": 1711751591
  }
}
